2023-05-25 22:51:59.077 [main] DEBUG LogHelper - Testing stacktrace
2023-05-25 22:51:59.082 [main] DEBUG LogHelper - Verifying class loader
2023-05-25 22:51:59.083 [main] DEBUG LogHelper - Verifying JVM architecture
2023-05-25 22:51:59.092 [main] INFO  LogHelper - [1;95mGravitLauncher [94m(fork sashok724's Launcher) [96mLaunchServer[97m v[94m5.4.2-1 stable[97m (build #[91m1[97m)[m
2023-05-25 22:51:59.107 [main] INFO  LogHelper - [1;95mLicense for [96mLaunchServer[97m GPLv3[97m. SourceCode: [93mhttps://github.com/GravitLauncher/Launcher[m
2023-05-25 22:51:59.469 [main] ERROR LogHelper - java.lang.InstantiationException: Error on instancing...
	at pro.gravit.launcher.modules.impl.SimpleModuleManager.loadModule(SimpleModuleManager.java:162)
	at pro.gravit.launcher.modules.impl.SimpleModuleManager$ModulesVisitor.visitFile(SimpleModuleManager.java:279)
	at pro.gravit.launcher.modules.impl.SimpleModuleManager$ModulesVisitor.visitFile(SimpleModuleManager.java:272)
	at java.base/java.nio.file.Files.walkFileTree(Files.java:2811)
	at pro.gravit.utils.helper.IOHelper.walk(IOHelper.java:588)
	at pro.gravit.launcher.modules.impl.SimpleModuleManager.autoload(SimpleModuleManager.java:67)
	at pro.gravit.launcher.modules.impl.SimpleModuleManager.autoload(SimpleModuleManager.java:61)
	at pro.gravit.launchserver.LaunchServerStarter.main(LaunchServerStarter.java:86)
Caused by: java.lang.IllegalAccessException: no such constructor: pro.gravit.launcher.client.JavaRuntimeModule.<init>()void/newInvokeSpecial
	at java.base/java.lang.invoke.MemberName.makeAccessException(MemberName.java:972)
	at java.base/java.lang.invoke.MemberName$Factory.resolveOrFail(MemberName.java:1117)
	at java.base/java.lang.invoke.MethodHandles$Lookup.resolveOrFail(MethodHandles.java:3649)
	at java.base/java.lang.invoke.MethodHandles$Lookup.findConstructor(MethodHandles.java:2750)
	at pro.gravit.launcher.modules.impl.SimpleModuleManager.loadModule(SimpleModuleManager.java:159)
	... 7 more
Caused by: java.lang.NoClassDefFoundError: pro/gravit/launcher/gui/RuntimeProvider
	at java.base/java.lang.invoke.MethodHandleNatives.resolve(Native Method)
	at java.base/java.lang.invoke.MemberName$Factory.resolve(MemberName.java:1085)
	at java.base/java.lang.invoke.MemberName$Factory.resolveOrFail(MemberName.java:1114)
	... 10 more
Caused by: java.lang.ClassNotFoundException: pro.gravit.launcher.gui.RuntimeProvider
	at java.base/java.net.URLClassLoader.findClass(URLClassLoader.java:445)
	at java.base/java.lang.ClassLoader.loadClass(ClassLoader.java:587)
	at java.base/java.lang.ClassLoader.loadClass(ClassLoader.java:520)
	... 13 more

2023-05-25 22:51:59.472 [main] ERROR LogHelper - In module C:\FastProjects\RustmeCustom\modules\JavaRuntime_lmodule.jar Module-Main-Class incorrect
2023-05-25 22:51:59.895 [main] INFO  pro.gravit.launchserver.LaunchServerStarter - JLine2 terminal enabled
2023-05-25 22:51:59.897 [main] INFO  pro.gravit.launchserver.LaunchServerStarter - Reading LaunchServer config file
2023-05-25 22:51:59.956 [main] INFO  pro.gravit.launchserver.LaunchServerStarter - Reading LaunchServer runtime config file
2023-05-25 22:52:00.099 [main] INFO  pro.gravit.launchserver.manangers.KeyAgreementManager - Reading ECDSA keypair
2023-05-25 22:52:00.110 [main] INFO  pro.gravit.launchserver.manangers.KeyAgreementManager - Reading RSA keypair
2023-05-25 22:52:00.125 [main] WARN  pro.gravit.launchserver.config.LaunchServerConfig - Replace mirror 'https://mirror.gravit.pro/5.2.x/' to 'https://mirror.gravitlauncher.com/5.4.x/'. If you really need to use original url, use '-Dlaunchserver.config.disableUpdateMirror=true'
2023-05-25 22:52:00.391 [main] INFO  pro.gravit.launchserver.LaunchServer - Syncing launcher binaries
2023-05-25 22:52:00.395 [main] INFO  pro.gravit.launchserver.LaunchServer - Syncing launcher binary file
2023-05-25 22:52:00.659 [main] INFO  pro.gravit.launchserver.LaunchServer - Syncing launcher EXE binary file
2023-05-25 22:52:00.771 [main] DEBUG pro.gravit.launchserver.LaunchServer - Init components
2023-05-25 22:52:00.772 [main] DEBUG pro.gravit.launchserver.LaunchServer - Init component regLimiter
2023-05-25 22:52:00.780 [main] DEBUG pro.gravit.launchserver.LaunchServer - Init component authLimiter
2023-05-25 22:52:00.791 [main] DEBUG pro.gravit.launchserver.LaunchServer - Init component proguard
2023-05-25 22:52:00.798 [main] DEBUG pro.gravit.launchserver.LaunchServer - Init components successful
2023-05-25 22:52:00.820 [main] INFO  pro.gravit.launchserver.LaunchServer - LaunchServer started
2023-05-25 22:52:00.824 [Netty Server Socket Thread] INFO  pro.gravit.launchserver.socket.handlers.NettyServerSocketHandler - Starting netty server socket thread
2023-05-25 22:52:00.839 [Profiles and updates sync] DEBUG pro.gravit.launchserver.manangers.UpdatesManager - Found 0 updates from cache
2023-05-25 22:52:00.841 [Profiles and updates sync] INFO  pro.gravit.launchserver.LaunchServer - Syncing profiles dir
2023-05-25 22:52:00.882 [Netty Server Socket Thread] DEBUG io.netty.util.internal.logging.InternalLoggerFactory - Using SLF4J as the default logging framework
2023-05-25 22:52:00.896 [Netty Server Socket Thread] DEBUG io.netty.channel.MultithreadEventLoopGroup - -Dio.netty.eventLoopThreads: 8
2023-05-25 22:52:00.960 [Netty Server Socket Thread] DEBUG io.netty.util.internal.InternalThreadLocalMap - -Dio.netty.threadLocalMap.stringBuilder.initialSize: 1024
2023-05-25 22:52:00.960 [Netty Server Socket Thread] DEBUG io.netty.util.internal.InternalThreadLocalMap - -Dio.netty.threadLocalMap.stringBuilder.maxSize: 4096
2023-05-25 22:52:01.011 [Netty Server Socket Thread] DEBUG io.netty.util.internal.PlatformDependent0 - -Dio.netty.noUnsafe: false
2023-05-25 22:52:01.011 [Netty Server Socket Thread] DEBUG io.netty.util.internal.PlatformDependent0 - Java version: 17
2023-05-25 22:52:01.013 [Netty Server Socket Thread] DEBUG io.netty.util.internal.PlatformDependent0 - sun.misc.Unsafe.theUnsafe: available
2023-05-25 22:52:01.015 [Netty Server Socket Thread] DEBUG io.netty.util.internal.PlatformDependent0 - sun.misc.Unsafe.copyMemory: available
2023-05-25 22:52:01.017 [Netty Server Socket Thread] DEBUG io.netty.util.internal.PlatformDependent0 - sun.misc.Unsafe.storeFence: available
2023-05-25 22:52:01.021 [Netty Server Socket Thread] DEBUG io.netty.util.internal.PlatformDependent0 - java.nio.Buffer.address: available
2023-05-25 22:52:01.022 [Netty Server Socket Thread] DEBUG io.netty.util.internal.PlatformDependent0 - direct buffer constructor: unavailable: Reflective setAccessible(true) disabled
2023-05-25 22:52:01.023 [Netty Server Socket Thread] DEBUG io.netty.util.internal.PlatformDependent0 - java.nio.Bits.unaligned: available, true
2023-05-25 22:52:01.026 [Netty Server Socket Thread] DEBUG io.netty.util.internal.PlatformDependent0 - jdk.internal.misc.Unsafe.allocateUninitializedArray(int): unavailable: class io.netty.util.internal.PlatformDependent0$7 cannot access class jdk.internal.misc.Unsafe (in module java.base) because module java.base does not export jdk.internal.misc to unnamed module @7c729a55
2023-05-25 22:52:01.028 [Netty Server Socket Thread] DEBUG io.netty.util.internal.PlatformDependent0 - java.nio.DirectByteBuffer.<init>(long, int): unavailable
2023-05-25 22:52:01.028 [Netty Server Socket Thread] DEBUG io.netty.util.internal.PlatformDependent - sun.misc.Unsafe: available
2023-05-25 22:52:01.029 [Netty Server Socket Thread] DEBUG io.netty.util.internal.PlatformDependent - maxDirectMemory: 857735168 bytes (maybe)
2023-05-25 22:52:01.030 [Netty Server Socket Thread] DEBUG io.netty.util.internal.PlatformDependent - -Dio.netty.tmpdir: C:\Users\boomb\AppData\Local\Temp (java.io.tmpdir)
2023-05-25 22:52:01.030 [Netty Server Socket Thread] DEBUG io.netty.util.internal.PlatformDependent - -Dio.netty.bitMode: 64 (sun.arch.data.model)
2023-05-25 22:52:01.031 [Netty Server Socket Thread] DEBUG io.netty.util.internal.PlatformDependent - Platform: Windows
2023-05-25 22:52:01.032 [Netty Server Socket Thread] DEBUG io.netty.util.internal.PlatformDependent - -Dio.netty.maxDirectMemory: -1 bytes
2023-05-25 22